{"level":"info","message":"✅ A Fókusz Mester szerver elindult a 3001 porton.","service":"fokusz-mester-backend","timestamp":"2025-09-08 18:59:47"}
{"level":"info","message":"[2025-09-08T16:00:04.049Z] Bejövő kérés: GET /api/curriculums","service":"fokusz-mester-backend","timestamp":"2025-09-08 19:00:04"}
{"level":"info","message":"[2025-09-08T16:00:04.954Z] Bejövő kérés: GET /api/curriculums","service":"fokusz-mester-backend","timestamp":"2025-09-08 19:00:04"}
{"level":"info","message":"[2025-09-08T16:15:07.556Z] Bejövő kérés: GET /api/help","service":"fokusz-mester-backend","timestamp":"2025-09-08 19:15:07"}
{"level":"info","message":"[2025-09-08T16:23:59.032Z] Bejövő kérés: GET /api/help","service":"fokusz-mester-backend","timestamp":"2025-09-08 19:23:59"}
{"level":"info","message":"[2025-09-08T16:24:43.962Z] Bejövő kérés: GET /api/help","service":"fokusz-mester-backend","timestamp":"2025-09-08 19:24:43"}
{"level":"info","message":"[2025-09-08T16:33:32.784Z] Bejövő kérés: GET /api/help","service":"fokusz-mester-backend","timestamp":"2025-09-08 19:33:32"}
{"level":"info","message":"[2025-09-08T16:33:53.239Z] Bejövő kérés: POST /api/contact","service":"fokusz-mester-backend","timestamp":"2025-09-08 19:33:53"}
{"level":"info","message":"✅ A Fókusz Mester szerver elindult a 3001 porton.","service":"fokusz-mester-backend","timestamp":"2025-09-08 19:39:38"}
{"level":"info","message":"✅ A Fókusz Mester szerver elindult a 3001 porton.","service":"fokusz-mester-backend","timestamp":"2025-09-08 19:39:57"}
{"level":"info","message":"[2025-09-08T16:40:07.384Z] Bejövő kérés: GET /main.307dfc214add0e72c3fa.hot-update.json","service":"fokusz-mester-backend","timestamp":"2025-09-08 19:40:07"}
{"level":"info","message":"[2025-09-08T16:40:07.840Z] Bejövő kérés: GET /api/curriculums","service":"fokusz-mester-backend","timestamp":"2025-09-08 19:40:07"}
{"level":"info","message":"[2025-09-08T16:40:08.852Z] Bejövő kérés: GET /api/curriculums","service":"fokusz-mester-backend","timestamp":"2025-09-08 19:40:08"}
{"level":"info","message":"[2025-09-08T16:41:29.967Z] Bejövő kérés: GET /api/curriculums","service":"fokusz-mester-backend","timestamp":"2025-09-08 19:41:29"}
{"level":"info","message":"[2025-09-08T16:41:30.601Z] Bejövő kérés: GET /api/curriculums","service":"fokusz-mester-backend","timestamp":"2025-09-08 19:41:30"}
{"level":"info","message":"[2025-09-08T16:41:33.817Z] Bejövő kérés: GET /api/curriculums","service":"fokusz-mester-backend","timestamp":"2025-09-08 19:41:33"}
{"level":"info","message":"[2025-09-08T16:41:33.933Z] Bejövő kérés: GET /api/curriculums","service":"fokusz-mester-backend","timestamp":"2025-09-08 19:41:33"}
{"level":"info","message":"✅ A Fókusz Mester szerver elindult a 3001 porton.","service":"fokusz-mester-backend","timestamp":"2025-09-08 19:58:36"}
{"level":"info","message":"[2025-09-08T17:00:50.337Z] Bejövő kérés: GET /api/curriculums","service":"fokusz-mester-backend","timestamp":"2025-09-08 20:00:50"}
{"level":"info","message":"[2025-09-08T17:00:52.043Z] Bejövő kérés: GET /api/curriculums","service":"fokusz-mester-backend","timestamp":"2025-09-08 20:00:52"}
